<?xml version="1.0" encoding="UTF-8"?>
<!-- Generated by org.testng.reporters.JUnitReportReporter -->
<testsuite hostname="LAPTOP-JJDC652S" failures="0" tests="1" name="Temp.Login" time="51.956" errors="0" timestamp="2021-12-28T19:56:19 IST" skipped="0">
  <testcase classname="Temp.Login" name="metamask" time="51.956"/>
  <system-out/>
</testsuite> <!-- Temp.Login -->
